Arguments: 
  C:\Program Files\nodejs\node.exe C:\Users\Develop\AppData\Roaming\npm\node_modules\yarn\bin\yarn.js init

PATH: 
  C:\Users\Develop\bin;C:\Program Files\Git\mingw64\bin;C:\Program Files\Git\usr\local\bin;C:\Program Files\Git\usr\bin;C:\Program Files\Git\usr\bin;C:\Program Files\Git\mingw64\bin;C:\Program Files\Git\usr\bin;C:\Users\Develop\bin;C:\WINDOWS\system3;ProgramData\Oracle\Java\javapath";C:\Bitnami\wampstack-7.0.15-0\php;C:\Program Files (x86)\PuTTY;C:\;C:\Program Files\Java\jdk1.8.0_121\bin;C:\Users\Develop\AppData\Local\Android\sdk\platform-tools;C:\Users\Develop\AppData\Local\Android\sdk\tools;C:\WINDOWS\system32;C:\WINDOWS;C:\WINDOWS\System32\Wbem;C:\WINDOWS\System32\WindowsPowerShell\v1.0;C:\WINDOWS\System32\OpenSSH;C:\Program Files\nodejs;C:\Program Files\Git\cmd;C:\Users\Develop\AppData\Local\Microsoft\WindowsApps;C:\Program Files\Bandizip;C:\Users\Develop\AppData\Roaming\npm;C:\Users\Develop\AppData\Local\GitHubDesktop\bin;C:\Program Files\Git\usr\bin\vendor_perl;C:\Program Files\Git\usr\bin\core_perl

Yarn version: 
  1.15.2

Node version: 
  10.15.1

Platform: 
  win32 x64

Trace: 
  Error: Can't answer a question unless a user TTY
      at ConsoleReporter.question (C:\Users\Develop\AppData\Roaming\npm\node_modules\yarn\lib\cli.js:95985:59)
      at Object.<anonymous> (C:\Users\Develop\AppData\Roaming\npm\node_modules\yarn\lib\cli.js:88354:38)
      at Generator.next (<anonymous>)
      at step (C:\Users\Develop\AppData\Roaming\npm\node_modules\yarn\lib\cli.js:304:30)
      at C:\Users\Develop\AppData\Roaming\npm\node_modules\yarn\lib\cli.js:315:13
      at process._tickCallback (internal/process/next_tick.js:68:7)

npm manifest: 
  No manifest

yarn manifest: 
  No manifest

Lockfile: 
  No lockfile
